<?xml version="1.0" encoding="UTF-8"?>
<!-- Generated by org.testng.reporters.JUnitXMLReporter -->
<testsuite hostname="LAPTOP-ADF0UDSS" ignored="0" name="Regression Test" tests="2" failures="0" timestamp="2022-12-11T18:32:28 GMT" time="18.895" errors="0">
  <testcase name="userShouldLoginSuccessfullyWithValidCredentials" time="2.394" classname="com.orangehrmlive.demo.testsuite.LoginPageTest"/>
  <testcase name="userShouldNavigateToForgotPasswordPageSuccessfully" time="1.142" classname="com.orangehrmlive.demo.testsuite.LoginPageTest"/>
</testsuite> <!-- Regression Test -->
